Arguments: 
  /usr/bin/node /mnt/c/Program Files (x86)/Yarn/bin/yarn.js add graphql-yoda

PATH: 
  /home/omaralaniz/.local/bin:/usr/local/sbin:/usr/local/bin:/usr/sbin:/usr/bin:/sbin:/bin:/usr/games:/usr/local/games:/mnt/c/Program Files (x86)/Common Files/Intel/Shared Libraries/redist/intel64/compiler:/mnt/c/Program Files (x86)/Common Files/Oracle/Java/javapath:/mnt/c/ProgramData/Oracle/Java/javapath:/mnt/c/Program Files (x86)/Razer Chroma SDK/bin:/mnt/c/Program Files/Razer Chroma SDK/bin:/mnt/c/Program Files (x86)/Intel/iCLS Client:/mnt/c/Program Files/Intel/iCLS Client:/mnt/c/Windows/System32:/mnt/c/Windows:/mnt/c/Windows/System32/wbem:/mnt/c/Windows/System32/WindowsPowerShell/v1.0:/mnt/c/Program Files (x86)/Intel/Intel(R) Management Engine Components/DAL:/mnt/c/Program Files/Intel/Intel(R) Management Engine Components/DAL:/mnt/c/Program Files (x86)/Intel/Intel(R) Management Engine Components/IPT:/mnt/c/Program Files/Intel/Intel(R) Management Engine Components/IPT:/mnt/c/Program Files (x86)/NVIDIA Corporation/PhysX/Common:/mnt/c/Users/Administrator/AppData/Local/Microsoft/WindowsApps:/mnt/c/Windows/System32:/mnt/c/Windows:/mnt/c/Windows/System32/wbem:/mnt/c/Windows/System32/WindowsPowerShell/v1.0:/mnt/c/MinGW/bin:/mnt/c/Windows/System32/OpenSSH:/mnt/c/Program Files (x86)/Brackets/command:/mnt/c/Program Files/Microsoft VS Code/bin:/mnt/c/Program Files/nodejs:/mnt/c/ProgramData/chocolatey/bin:/mnt/c/Program Files (x86)/Yarn/bin:/mnt/c/Users/OmarA/AppData/Local/Programs/Python/Python37/Scripts:/mnt/c/Users/OmarA/AppData/Local/Programs/Python/Python37:/mnt/c/Ruby24-x64/bin:/mnt/c/Users/OmarA/AppData/Local/Microsoft/WindowsApps:/mnt/c/Users/OmarA/AppData/Local/atom/bin:/mnt/c/Users/OmarA/AppData/Local/Microsoft/WindowsApps:/mnt/c/Program Files/Microsoft VS Code/bin:/mnt/c/Users/OmarA/AppData/Local/hyper/app-2.1.2/resources/bin:/mnt/c/ProgramData/OmarA/hyper/app-2.1.2/resources/bin:/mnt/c/Users/OmarA/AppData/Roaming/npm:/mnt/c/tools/Cmder:/mnt/c/Users/OmarA/AppData/Local/Yarn/bin:/snap/bin

Yarn version: 
  1.15.2

Node version: 
  10.15.3

Platform: 
  linux x64

Trace: 
  Error: https://registry.yarnpkg.com/graphql-yoda: Not found
      at Request.params.callback [as _callback] (/mnt/c/Program Files (x86)/Yarn/lib/cli.js:65167:18)
      at Request.self.callback (/mnt/c/Program Files (x86)/Yarn/lib/cli.js:129541:22)
      at Request.emit (events.js:189:13)
      at Request.<anonymous> (/mnt/c/Program Files (x86)/Yarn/lib/cli.js:130513:10)
      at Request.emit (events.js:189:13)
      at IncomingMessage.<anonymous> (/mnt/c/Program Files (x86)/Yarn/lib/cli.js:130435:12)
      at Object.onceWrapper (events.js:277:13)
      at IncomingMessage.emit (events.js:194:15)
      at endReadableNT (_stream_readable.js:1125:12)
      at process._tickCallback (internal/process/next_tick.js:63:19)

npm manifest: 
  {
     "name": "learnin",
     "version": "0.0.1",
     "description": "Awesome project developed with TypeORM.",
     "devDependencies": {
        "ts-node": "8.1.0",
        "@types/node": "^11.13.6",
        "typescript": "3.4.4"
     },
     "dependencies": {
        "typeorm": "0.2.16",
        "reflect-metadata": "^0.1.13",
        "pg": "^7.10.0"
     },
     "scripts": {
        "start": "ts-node src/index.ts"
     }
  }

yarn manifest: 
  No manifest

Lockfile: 
  No lockfile
